<?xml version="1.0" encoding="UTF-8"?>
<!-- Generated by org.testng.reporters.JUnitReportReporter -->
<testsuite skipped="0" hostname="E0391S1L" name="Test.StateTax" tests="1" failures="0" timestamp="17 May 2018 14:13:36 GMT" time="0.013" errors="0">
  <testcase name="getTaxValue" time="0.013" classname="Test.StateTax"/>
</testsuite> <!-- Test.StateTax -->
