<?xml version="1.0" encoding="UTF-8"?>
<!-- Generated by org.testng.reporters.JUnitReportReporter -->
<testsuite skipped="0" hostname="E0391S1L" name="Test.BranchTest" tests="1" failures="0" timestamp="29 Aug 2018 06:03:44 GMT" time="26.264" errors="0">
  <testcase name="getNameDepartment" time="26.264" classname="Test.BranchTest"/>
</testsuite> <!-- Test.BranchTest -->
